C51 COMPILER V8.02   MAIN                                                                  01/01/2019 22:38:51 PAGE 1   


C51 COMPILER V8.02, COMPILATION OF MODULE MAIN
OBJECT MODULE PLACED IN .\main.obj
COMPILER INVOKED BY: D:\Program Files\Keil\C51\BIN\C51.EXE D:\单片机学习\HC6800-EM3 V2.2(10,29)\5--实验程序\基础实验例程
                    -\实验1：点亮第一个LED\程序\main.c BROWSE DEBUG OBJECTEXTEND PRINT(.\main.lst) OBJECT(.\main.obj)

line level    source

   1          /**************************************************************************************
   2          *                             点亮第一个LED实验                                                                                           *
   3          实现现象：下载程序后D11指示灯点亮
   4          注意事项：无                                                                                                                                                              
   5          ***************************************************************************************/
   6          
   7          
   8          #include<reg52.h>    //此文件中定义了单片机的一些特殊功能寄存器
   9          
  10          sbit led1=P1^0;    //将单片机的P0.0端口定义为led
  11          sbit led2=P1^2;
  12          sbit led3=P1^4;
  13          sbit led4=P1^6;
  14          
  15          /*******************************************************************************
  16          * 函 数 名       : main
  17          * 函数功能               : 主函数
  18          * 输    入       : 无
  19          * 输    出       : 无
  20          *******************************************************************************/
  21          void main()
  22          {
  23   1              led1=0; //P1.0端口设置为低电平
  24   1              led2=0;
  25   1              led3=0;
  26   1              led4=0;
  27   1      
  28   1              while(1)
  29   1              {
  30   2                      
  31   2              }               
  32   1      }


MODULE INFORMATION:   STATIC OVERLAYABLE
   CODE SIZE        =     10    ----
   CONSTANT SIZE    =   ----    ----
   XDATA SIZE       =   ----    ----
   PDATA SIZE       =   ----    ----
   DATA SIZE        =   ----    ----
   IDATA SIZE       =   ----    ----
   BIT SIZE         =   ----    ----
END OF MODULE INFORMATION.


C51 COMPILATION COMPLETE.  0 WARNING(S),  0 ERROR(S)
