C51 COMPILER V9.00   TEXT1                                                                 07/07/2019 20:03:02 PAGE 1   


C51 COMPILER V9.00, COMPILATION OF MODULE TEXT1
OBJECT MODULE PLACED IN Text1.OBJ
COMPILER INVOKED BY: F:\Program Files\Keil C51 V9.0\C51\BIN\C51.EXE Text1.c BROWSE DEBUG OBJECTEXTEND

line level    source

   1          #include <reg52.h>
   2          sbit LED=P1^0;  
   3          unsigned  int a;
   4          void main()
   5          {
   6   1              while(1)
   7   1              {
   8   2                      LED=1;
   9   2                      a=50000;
  10   2                      while(a--);
  11   2                      LED=0;
  12   2                      a=50000;
  13   2                      while(a--);
  14   2      
  15   2      
  16   2              }
  17   1      }


MODULE INFORMATION:   STATIC OVERLAYABLE
   CODE SIZE        =     44    ----
   CONSTANT SIZE    =   ----    ----
   XDATA SIZE       =   ----    ----
   PDATA SIZE       =   ----    ----
   DATA SIZE        =      2    ----
   IDATA SIZE       =   ----    ----
   BIT SIZE         =   ----    ----
END OF MODULE INFORMATION.


C51 COMPILATION COMPLETE.  0 WARNING(S),  0 ERROR(S)
